生成启动时间为 2019/6/17 0:14:58。
     1>项目“F:\C\MVC\20190615\指针应用场景3\指针应用场景3.vcxproj”在节点 2 上(build 个目标)。
     1>InitializeBuildStatus:
         正在创建“Debug\指针应用场景3.unsuccessfulbuild”，因为已指定“AlwaysCreate”。
       ClCompile:
         C:\Program Files (x86)\Microsoft Visual Studio 10.0\VC\bin\CL.exe /c /ZI /nologo /W3 /WX- /Od /Oy- /D WIN32 /D _DEBUG /D _CONSOLE /D _UNICODE /D UNICODE /Gm /EHsc /RTC1 /MDd /GS /fp:precise /Zc:wchar_t /Zc:forScope /Fo"Debug\\" /Fd"Debug\vc100.pdb" /Gd /TC /analyze- /errorReport:prompt "异常情况返回.c"
         异常情况返回.c
       ManifestResourceCompile:
         所有输出均为最新。
       Link:
         C:\Program Files (x86)\Microsoft Visual Studio 10.0\VC\bin\link.exe /ERRORREPORT:PROMPT /OUT:"F:\C\MVC\20190615\Debug\指针应用场景3.exe" /INCREMENTAL /NOLOGO kernel32.lib user32.lib gdi32.lib winspool.lib comdlg32.lib advapi32.lib shell32.lib ole32.lib oleaut32.lib uuid.lib odbc32.lib odbccp32.lib /MANIFEST /ManifestFile:"Debug\指针应用场景3.exe.intermediate.manifest" /MANIFESTUAC:"level='asInvoker' uiAccess='false'" /DEBUG /PDB:"F:\C\MVC\20190615\Debug\指针应用场景3.pdb" /SUBSYSTEM:CONSOLE /TLBID:1 /DYNAMICBASE /NXCOMPAT /IMPLIB:"F:\C\MVC\20190615\Debug\指针应用场景3.lib" /MACHINE:X86 "Debug\指针应用场景3.exe.embed.manifest.res"
         "Debug\异常情况返回.obj"
       Manifest:
         C:\Program Files (x86)\Microsoft SDKs\Windows\v7.0A\bin\mt.exe /nologo /verbose /out:"Debug\指针应用场景3.exe.embed.manifest" /manifest "Debug\指针应用场景3.exe.intermediate.manifest"
         所有输出均为最新。
       LinkEmbedManifest:
         所有输出均为最新。
         指针应用场景3.vcxproj -> F:\C\MVC\20190615\Debug\指针应用场景3.exe
       FinalizeBuildStatus:
         正在删除文件“Debug\指针应用场景3.unsuccessfulbuild”。
         正在对“Debug\指针应用场景3.lastbuildstate”执行 Touch 任务。
     1>已完成生成项目“F:\C\MVC\20190615\指针应用场景3\指针应用场景3.vcxproj”(build 个目标)的操作。

生成成功。

已用时间 00:00:00.56
